Started GET "/" for 127.0.0.1 at 2021-03-17 10:44:38 +0100
  [1m[35m (1.0ms)[0m  [1m[34mSELECT sqlite_version(*)[0m
  
ActionController::RoutingError (uninitialized constant HomeController):
  
Started GET "/" for 127.0.0.1 at 2021-03-17 10:46:13 +0100
  [1m[35m (0.5ms)[0m  [1m[34mSELECT sqlite_version(*)[0m
  
ActionController::RoutingError (uninitialized constant HomeController):
  
DEPRECATION WARNING: [] is deprecated and will be removed from Rails 6.2 (Use configs_for) (called from migration_template at (erb):6)
DEPRECATION WARNING: [] is deprecated and will be removed from Rails 6.2 (Use configs_for) (called from migration_template at (erb):6)
DEPRECATION WARNING: [] is deprecated and will be removed from Rails 6.2 (Use configs_for) (called from <main> at /home/denis/SITES/members2/Members-Only/bin/rails:5)
DEPRECATION WARNING: [] is deprecated and will be removed from Rails 6.2 (Use configs_for) (called from <main> at /home/denis/SITES/members2/Members-Only/bin/rails:5)
DEPRECATION WARNING: [] is deprecated and will be removed from Rails 6.2 (Use configs_for) (called from <main> at /home/denis/SITES/members2/Members-Only/bin/rails:5)
DEPRECATION WARNING: [] is deprecated and will be removed from Rails 6.2 (Use configs_for) (called from <main> at /home/denis/SITES/members2/Members-Only/bin/rails:5)
DEPRECATION WARNING: [] is deprecated and will be removed from Rails 6.2 (Use configs_for) (called from <main> at /home/denis/SITES/members2/Members-Only/bin/rails:5)
  [1m[35m (0.3ms)[0m  [1m[34mSELECT sqlite_version(*)[0m
  [1m[35m (6.4ms)[0m  [1m[35mCREATE TABLE "schema_migrations" ("version" varchar NOT NULL PRIMARY KEY)[0m
  [1m[35m (3.3ms)[0m  [1m[35mCREATE TABLE "ar_internal_metadata" ("key" varchar NOT NULL PRIMARY KEY, "value" varchar, "created_at" datetime(6) NOT NULL, "updated_at" datetime(6) NOT NULL)[0m
  [1m[35m (0.1ms)[0m  [1m[34mSELECT "schema_migrations"."version" FROM "schema_migrations" ORDER BY "schema_migrations"."version" ASC[0m
Migrating to DeviseCreateUsers (20210317094723)
  [1m[36mTRANSACTION (0.0ms)[0m  [1m[36mbegin transaction[0m
  [1m[35m (0.3ms)[0m  [1m[35mCREATE TABLE "users" ("id" integer PRIMARY KEY AUTOINCREMENT NOT NULL, "email" varchar DEFAULT '' NOT NULL, "encrypted_password" varchar DEFAULT '' NOT NULL, "reset_password_token" varchar, "reset_password_sent_at" datetime, "remember_created_at" datetime, "created_at" datetime(6) NOT NULL, "updated_at" datetime(6) NOT NULL)[0m
  [1m[35m (0.1ms)[0m  [1m[35mCREATE UNIQUE INDEX "index_users_on_email" ON "users" ("email")[0m
  [1m[35m (0.1ms)[0m  [1m[35mCREATE UNIQUE INDEX "index_users_on_reset_password_token" ON "users" ("reset_password_token")[0m
  [1m[36mActiveRecord::SchemaMigration Create (0.2ms)[0m  [1m[32mINSERT INTO "schema_migrations" ("version") VALUES (?)[0m  [["version", "20210317094723"]]
  [1m[36mTRANSACTION (3.4ms)[0m  [1m[36mcommit transaction[0m
  [1m[36mActiveRecord::InternalMetadata Load (0.1ms)[0m  [1m[34mSELECT "ar_internal_metadata".* FROM "ar_internal_metadata" WHERE "ar_internal_metadata"."key" = ? LIMIT ?[0m  [["key", "environment"], ["LIMIT", 1]]
  [1m[36mTRANSACTION (0.0ms)[0m  [1m[36mbegin transaction[0m
  [1m[36mActiveRecord::InternalMetadata Create (0.1ms)[0m  [1m[32mINSERT INTO "ar_internal_metadata" ("key", "value", "created_at", "updated_at") VALUES (?, ?, ?, ?)[0m  [["key", "environment"], ["value", "development"], ["created_at", "2021-03-17 09:48:15.300287"], ["updated_at", "2021-03-17 09:48:15.300287"]]
  [1m[36mTRANSACTION (2.7ms)[0m  [1m[36mcommit transaction[0m
  [1m[35m (0.0ms)[0m  [1m[34mSELECT sqlite_version(*)[0m
  [1m[35m (0.1ms)[0m  [1m[34mSELECT "schema_migrations"."version" FROM "schema_migrations" ORDER BY "schema_migrations"."version" ASC[0m
Started GET "/" for 127.0.0.1 at 2021-03-17 10:49:45 +0100
  [1m[35m (0.4ms)[0m  [1m[34mSELECT sqlite_version(*)[0m
  [1m[35m (0.1ms)[0m  [1m[34mSELECT "schema_migrations"."version" FROM "schema_migrations" ORDER BY "schema_migrations"."version" ASC[0m
  
ActionController::RoutingError (uninitialized constant UsersController):
  
Started GET "/users" for 127.0.0.1 at 2021-03-17 10:49:53 +0100
  
ActionController::RoutingError (No route matches [GET] "/users"):
  
